
Hello Dr. Franks
Finding Room for you.
Franks assigned to Room 101


Hello Dr. James
Finding Room for you.
James assigned to Room 201


Hello Dr. Delis
Finding Room for you.
Delis assigned to Room 301


Hello Dr. Doran
Finding Room for you.
Doran assigned to Room 401


Hello Dr. Fransi
Finding Room for you.
Fransi assigned to Room 501


Hello Dr. Caldorn
Finding Room for you.
Caldorn assigned to Room 601


Hello Dr. Brouge
Finding Room for you.
Brouge assigned to Room 701


Hello Dr. Kellis
Finding Room for you.
Kellis assigned to Room 801


Hello Dr. Rondar
Finding Room for you.
Rondar assigned to Room 901


Hello Dr. Drogan
Finding Room for you.
Drogan assigned to Room 1001


Hello Dr. Froggar
Finding Room for you.
Froggar assigned to Room 109


Hello Dr. Smith
Finding Room for you.
Apologies Room 101 either is in use or doesn't exist.
Please try again.


Hello Dr. Smith
Finding Room for you.
Apologies Room 401 either is in use or doesn't exist.
Please try again.


Hello Dr. Smith
Finding Room for you.
Smith assigned to Room 403


Hello Dr. Smythe
Finding Room for you.
Smythe assigned to Room 507


Hello Dr. Gray
Finding Room for you.
Gray assigned to Room 106


Hello Dr. Rosthen
Finding Room for you.
Rosthen assigned to Room 604


Hello Dr. Goldman
Finding Room for you.
Goldman assigned to Room 302


Hello Dr. Benuit
Finding Room for you.
Benuit assigned to Room 105


Hello Dr. Sardin
Finding Room for you.
Sardin assigned to Room 503


Hello Dr. DuLys
Finding Room for you.
DuLys assigned to Room 704


Hello Dr. McAllen
Finding Room for you.
McAllen assigned to Room 406


Hello Dr. Anderson
Finding Room for you.
Anderson assigned to Room 603


Hello Dr. Oleg
Finding Room for you.
Oleg assigned to Room 303


Hello Dr. Frederickson
Finding Room for you.
Frederickson assigned to Room 309


Hello Dr. Jaimeson
Finding Room for you.
Jaimeson assigned to Room 902


Hello Dr. Ringer
Finding Room for you.
Ringer assigned to Room 203


Hello Dr. Jerald
Finding Room for you.
Jerald assigned to Room 307


Hello Dr. Gardener
Finding Room for you.
Gardener assigned to Room 708


Hello Dr. McDowel
Finding Room for you.
McDowel assigned to Room 807


Hello Dr. Donner
Finding Room for you.
Apologies Room 701 either is in use or doesn't exist.
Please try again.


Hello Dr. Short
Finding Room for you.
Short assigned to Room 706


Hello Dr. Saunders
Finding Room for you.
Apologies Room 603 either is in use or doesn't exist.
Please try again.


Hello Dr. Dean
Finding Room for you.
Apologies Room 302 either is in use or doesn't exist.
Please try again.


Hello Dr. Ebard
Finding Room for you.
Ebard assigned to Room 205


Hello Dr. Humperdink
Finding Room for you.
Apologies Room 503 either is in use or doesn't exist.
Please try again.


Hello Darby
Finding a doctor and exam room for you.
Please go to Room 401.
You will be seen by Dr. Doran


Hello Gail
Finding a doctor and exam room for you.
Please go to Room 706.
You will be seen by Dr. Short


Hello Noreen
Finding a doctor and exam room for you.
Please go to Room 105.
You will be seen by Dr. Benuit


Hello Regan
Finding a doctor and exam room for you.
Please go to Room 601.
You will be seen by Dr. Caldorn


Hello Curt
Finding a doctor and exam room for you.
Please go to Room 205.
You will be seen by Dr. Ebard


Hello Cyrstal
Finding a doctor and exam room for you.
Please go to Room 105.
You will be seen by Dr. Benuit
There are/is 1 patient(s) ahead of you.


Hello Randee
Finding a doctor and exam room for you.
Please go to Room 706.
You will be seen by Dr. Short
There are/is 1 patient(s) ahead of you.


Hello Steve
Finding a doctor and exam room for you.
Please go to Room 401.
You will be seen by Dr. Doran
There are/is 1 patient(s) ahead of you.


Hello Lazaro
Finding a doctor and exam room for you.
Please go to Room 406.
You will be seen by Dr. McAllen


Hello Stephany
Finding a doctor and exam room for you.
Please go to Room 101.
You will be seen by Dr. Franks


Hello Clemencia
Finding a doctor and exam room for you.
Please go to Room 507.
You will be seen by Dr. Smythe


Hello Amira
Finding a doctor and exam room for you.
Please go to Room 205.
You will be seen by Dr. Ebard
There are/is 1 patient(s) ahead of you.


Hello Tatum
Finding a doctor and exam room for you.
Please go to Room 507.
You will be seen by Dr. Smythe
There are/is 1 patient(s) ahead of you.


Hello Meg
Finding a doctor and exam room for you.
Please go to Room 708.
You will be seen by Dr. Gardener


Hello Karol
Finding a doctor and exam room for you.
Please go to Room 106.
You will be seen by Dr. Gray


Hello Monique
Finding a doctor and exam room for you.
Please go to Room 101.
You will be seen by Dr. Franks
There are/is 1 patient(s) ahead of you.


Hello Laurena
Finding a doctor and exam room for you.
Please go to Room 302.
You will be seen by Dr. Goldman


Hello Trinity
Finding a doctor and exam room for you.
Please go to Room 801.
You will be seen by Dr. Kellis


Hello Tam
Finding a doctor and exam room for you.
Please go to Room 203.
You will be seen by Dr. Ringer


Hello Melody
Finding a doctor and exam room for you.
Please go to Room 201.
You will be seen by Dr. James


Hello Dakota
Finding a doctor and exam room for you.
Please go to Room 203.
You will be seen by Dr. Ringer
There are/is 1 patient(s) ahead of you.


Hello Rozanne
Finding a doctor and exam room for you.
Please go to Room 801.
You will be seen by Dr. Kellis
There are/is 1 patient(s) ahead of you.


Hello Lon
Finding a doctor and exam room for you.
Please go to Room 507.
You will be seen by Dr. Smythe
There are/is 2 patient(s) ahead of you.


Hello Angla
Finding a doctor and exam room for you.
Please go to Room 801.
You will be seen by Dr. Kellis
There are/is 2 patient(s) ahead of you.


Hello Leanne
Finding a doctor and exam room for you.
Please go to Room 201.
You will be seen by Dr. James
There are/is 1 patient(s) ahead of you.


Hello Lucia
Finding a doctor and exam room for you.
Please go to Room 507.
You will be seen by Dr. Smythe
There are/is 3 patient(s) ahead of you.


Hello Lamont
Finding a doctor and exam room for you.
Please go to Room 307.
You will be seen by Dr. Jerald


Hello Etta
Finding a doctor and exam room for you.
Please go to Room 601.
You will be seen by Dr. Caldorn
There are/is 1 patient(s) ahead of you.


Hello Ami
Finding a doctor and exam room for you.
Please go to Room 503.
You will be seen by Dr. Sardin


Hello Eura
Finding a doctor and exam room for you.
Please go to Room 503.
You will be seen by Dr. Sardin
There are/is 1 patient(s) ahead of you.


Hello Hoyt
Finding a doctor and exam room for you.
Please go to Room 801.
You will be seen by Dr. Kellis
There are/is 3 patient(s) ahead of you.


Hello Savannah
Finding a doctor and exam room for you.
Please go to Room 708.
You will be seen by Dr. Gardener
There are/is 1 patient(s) ahead of you.


Hello Wendi
Finding a doctor and exam room for you.
Please go to Room 406.
You will be seen by Dr. McAllen
There are/is 1 patient(s) ahead of you.


Hello Anamaria
Finding a doctor and exam room for you.
Please go to Room 309.
You will be seen by Dr. Frederickson


Hello Kerstin
Finding a doctor and exam room for you.
Please go to Room 701.
You will be seen by Dr. Brouge


Hello Rhonda
Finding a doctor and exam room for you.
Please go to Room 601.
You will be seen by Dr. Caldorn
There are/is 2 patient(s) ahead of you.


Hello Juli
Finding a doctor and exam room for you.
Please go to Room 603.
You will be seen by Dr. Anderson


Hello Laine
Finding a doctor and exam room for you.
Please go to Room 302.
You will be seen by Dr. Goldman
There are/is 1 patient(s) ahead of you.


Hello Eduardo
Finding a doctor and exam room for you.
Please go to Room 109.
You will be seen by Dr. Froggar


Hello Renee
Finding a doctor and exam room for you.
Please go to Room 307.
You will be seen by Dr. Jerald
There are/is 1 patient(s) ahead of you.


Hello Nerissa
Finding a doctor and exam room for you.
Please go to Room 507.
You will be seen by Dr. Smythe
There are/is 4 patient(s) ahead of you.


Hello Deandre
Finding a doctor and exam room for you.
Please go to Room 801.
You will be seen by Dr. Kellis
There are/is 4 patient(s) ahead of you.


Hello Trenton
Finding a doctor and exam room for you.
Please go to Room 601.
You will be seen by Dr. Caldorn
There are/is 3 patient(s) ahead of you.


Hello Arlie
Finding a doctor and exam room for you.
Please go to Room 501.
You will be seen by Dr. Fransi


Hello Isiah
Finding a doctor and exam room for you.
Please go to Room 501.
You will be seen by Dr. Fransi
There are/is 1 patient(s) ahead of you.


Hello Shawana
Finding a doctor and exam room for you.
Please go to Room 701.
You will be seen by Dr. Brouge
There are/is 1 patient(s) ahead of you.


Hello Joette
Finding a doctor and exam room for you.
Please go to Room 507.
You will be seen by Dr. Smythe
There are/is 5 patient(s) ahead of you.


Hello Sabine
Finding a doctor and exam room for you.
Please go to Room 105.
You will be seen by Dr. Benuit
There are/is 2 patient(s) ahead of you.


Hello Inocencia
Finding a doctor and exam room for you.
Please go to Room 106.
You will be seen by Dr. Gray
There are/is 1 patient(s) ahead of you.


Hello Tyron
Finding a doctor and exam room for you.
Please go to Room 807.
You will be seen by Dr. McDowel


Hello Penny
Finding a doctor and exam room for you.
Please go to Room 109.
You will be seen by Dr. Froggar
There are/is 1 patient(s) ahead of you.


Hello Norma
Finding a doctor and exam room for you.
Please go to Room 901.
You will be seen by Dr. Rondar


Hello Dick
Finding a doctor and exam room for you.
Please go to Room 109.
You will be seen by Dr. Froggar
There are/is 2 patient(s) ahead of you.


Hello Johnnie
Finding a doctor and exam room for you.
Please go to Room 403.
You will be seen by Dr. Smith


Hello Lenora
Finding a doctor and exam room for you.
Please go to Room 403.
You will be seen by Dr. Smith
There are/is 1 patient(s) ahead of you.


Hello Rubi
Finding a doctor and exam room for you.
Please go to Room 101.
You will be seen by Dr. Franks
There are/is 2 patient(s) ahead of you.


Hello Jeramy
Finding a doctor and exam room for you.
Please go to Room 109.
You will be seen by Dr. Froggar
There are/is 3 patient(s) ahead of you.


Hello Candice
Finding a doctor and exam room for you.
Please go to Room 801.
You will be seen by Dr. Kellis
There are/is 5 patient(s) ahead of you.


Hello Shari
Finding a doctor and exam room for you.
Please go to Room 301.
You will be seen by Dr. Delis


Hello Aaron
Finding a doctor and exam room for you.
Please go to Room 301.
You will be seen by Dr. Delis
There are/is 1 patient(s) ahead of you.


Hello Laverne
Finding a doctor and exam room for you.
Please go to Room 109.
You will be seen by Dr. Froggar
There are/is 4 patient(s) ahead of you.


Hello Cornell
Finding a doctor and exam room for you.
Please go to Room 901.
You will be seen by Dr. Rondar
There are/is 1 patient(s) ahead of you.


Hello Daniel
Finding a doctor and exam room for you.
Please go to Room 205.
You will be seen by Dr. Ebard
There are/is 2 patient(s) ahead of you.


Hello George
Finding a doctor and exam room for you.
Please go to Room 303.
You will be seen by Dr. Oleg


Hello Bernarda
Finding a doctor and exam room for you.
Please go to Room 601.
You will be seen by Dr. Caldorn
There are/is 4 patient(s) ahead of you.


Hello Kaylene
Finding a doctor and exam room for you.
Please go to Room 303.
You will be seen by Dr. Oleg
There are/is 1 patient(s) ahead of you.


Hello Aileen
Finding a doctor and exam room for you.
Please go to Room 109.
You will be seen by Dr. Froggar
There are/is 5 patient(s) ahead of you.


Hello Patricia
Finding a doctor and exam room for you.
Please go to Room 203.
You will be seen by Dr. Ringer
There are/is 2 patient(s) ahead of you.


Hello Nicky
Finding a doctor and exam room for you.
Please go to Room 507.
You will be seen by Dr. Smythe
There are/is 6 patient(s) ahead of you.


Hello Carlota
Finding a doctor and exam room for you.
Please go to Room 601.
You will be seen by Dr. Caldorn
There are/is 5 patient(s) ahead of you.


Hello Ernest
Finding a doctor and exam room for you.
Please go to Room 801.
You will be seen by Dr. Kellis
There are/is 6 patient(s) ahead of you.


Hello Fermin
Finding a doctor and exam room for you.
Please go to Room 307.
You will be seen by Dr. Jerald
There are/is 2 patient(s) ahead of you.


Hello Cherri
Finding a doctor and exam room for you.
Please go to Room 403.
You will be seen by Dr. Smith
There are/is 2 patient(s) ahead of you.


Hello Brittaney
Finding a doctor and exam room for you.
Please go to Room 507.
You will be seen by Dr. Smythe
There are/is 7 patient(s) ahead of you.


Hello Lashunda
Finding a doctor and exam room for you.
Please go to Room 807.
You will be seen by Dr. McDowel
There are/is 1 patient(s) ahead of you.


Hello Shalanda
Finding a doctor and exam room for you.
Please go to Room 801.
You will be seen by Dr. Kellis
There are/is 7 patient(s) ahead of you.


Hello Tori
Finding a doctor and exam room for you.
Please go to Room 309.
You will be seen by Dr. Frederickson
There are/is 1 patient(s) ahead of you.


Hello Jacques
Finding a doctor and exam room for you.
Please go to Room 601.
You will be seen by Dr. Caldorn
There are/is 6 patient(s) ahead of you.


Hello Ethelene
Finding a doctor and exam room for you.
Please go to Room 507.
You will be seen by Dr. Smythe
There are/is 8 patient(s) ahead of you.


Hello Tory
Finding a doctor and exam room for you.
Please go to Room 1001.
You will be seen by Dr. Drogan


Hello Necole
Finding a doctor and exam room for you.
Please go to Room 503.
You will be seen by Dr. Sardin
There are/is 2 patient(s) ahead of you.


Hello Kenna
Finding a doctor and exam room for you.
Please go to Room 1001.
You will be seen by Dr. Drogan
There are/is 1 patient(s) ahead of you.


Hello Alesia
Finding a doctor and exam room for you.
Please go to Room 603.
You will be seen by Dr. Anderson
There are/is 1 patient(s) ahead of you.


Hello Alessandra
Finding a doctor and exam room for you.
Please go to Room 109.
You will be seen by Dr. Froggar
There are/is 6 patient(s) ahead of you.


Hello Geri
Finding a doctor and exam room for you.
Please go to Room 302.
You will be seen by Dr. Goldman
There are/is 2 patient(s) ahead of you.


Hello Zachary
Finding a doctor and exam room for you.
Please go to Room 701.
You will be seen by Dr. Brouge
There are/is 2 patient(s) ahead of you.


Hello Bunny
Finding a doctor and exam room for you.
Please go to Room 601.
You will be seen by Dr. Caldorn
There are/is 7 patient(s) ahead of you.


Hello Denis
Finding a doctor and exam room for you.
Please go to Room 706.
You will be seen by Dr. Short
There are/is 2 patient(s) ahead of you.


Hello Teresia
Finding a doctor and exam room for you.
Please go to Room 901.
You will be seen by Dr. Rondar
There are/is 2 patient(s) ahead of you.


Hello Yvette
Finding a doctor and exam room for you.
Please go to Room 501.
You will be seen by Dr. Fransi
There are/is 2 patient(s) ahead of you.


Hello Johnathon
Finding a doctor and exam room for you.
Please go to Room 901.
You will be seen by Dr. Rondar
There are/is 3 patient(s) ahead of you.


Hello Annette
Finding a doctor and exam room for you.
Please go to Room 801.
You will be seen by Dr. Kellis
There are/is 8 patient(s) ahead of you.


Hello Johnetta
Finding a doctor and exam room for you.
Please go to Room 507.
You will be seen by Dr. Smythe
There are/is 9 patient(s) ahead of you.


Hello Sylvie
Finding a doctor and exam room for you.
Please go to Room 604.
You will be seen by Dr. Rosthen


Hello Debbi
Finding a doctor and exam room for you.
Please go to Room 105.
You will be seen by Dr. Benuit
There are/is 3 patient(s) ahead of you.


Hello Magdalen
Finding a doctor and exam room for you.
Please go to Room 205.
You will be seen by Dr. Ebard
There are/is 3 patient(s) ahead of you.


Hello Ned
Finding a doctor and exam room for you.
Please go to Room 302.
You will be seen by Dr. Goldman
There are/is 3 patient(s) ahead of you.


Hello Shila
Finding a doctor and exam room for you.
Please go to Room 604.
You will be seen by Dr. Rosthen
There are/is 1 patient(s) ahead of you.


Hello Isadora
Finding a doctor and exam room for you.
Please go to Room 801.
You will be seen by Dr. Kellis
There are/is 9 patient(s) ahead of you.


Hello Annalee
Finding a doctor and exam room for you.
Please go to Room 101.
You will be seen by Dr. Franks
There are/is 3 patient(s) ahead of you.


Hello Oren
Finding a doctor and exam room for you.
Please go to Room 203.
You will be seen by Dr. Ringer
There are/is 3 patient(s) ahead of you.


Hello Justa
Finding a doctor and exam room for you.
Please go to Room 501.
You will be seen by Dr. Fransi
There are/is 3 patient(s) ahead of you.


Hello Eleanore
Finding a doctor and exam room for you.
Please go to Room 507.
You will be seen by Dr. Smythe
There are/is 10 patient(s) ahead of you.


Hello Na
Finding a doctor and exam room for you.
Please go to Room 902.
You will be seen by Dr. Jaimeson


Hello Rutha
Finding a doctor and exam room for you.
Please go to Room 307.
You will be seen by Dr. Jerald
There are/is 3 patient(s) ahead of you.


Hello Dorothea
Finding a doctor and exam room for you.
Please go to Room 601.
You will be seen by Dr. Caldorn
There are/is 8 patient(s) ahead of you.


Hello Dee
Finding a doctor and exam room for you.
Please go to Room 403.
You will be seen by Dr. Smith
There are/is 3 patient(s) ahead of you.


Hello Delphine
Finding a doctor and exam room for you.
Please go to Room 109.
You will be seen by Dr. Froggar
There are/is 7 patient(s) ahead of you.


Hello Hazel
Finding a doctor and exam room for you.
Please go to Room 401.
You will be seen by Dr. Doran
There are/is 2 patient(s) ahead of you.


Hello Sofia
Finding a doctor and exam room for you.
Please go to Room 601.
You will be seen by Dr. Caldorn
There are/is 9 patient(s) ahead of you.


Hello Chara
Finding a doctor and exam room for you.
Please go to Room 704.
You will be seen by Dr. DuLys


Hello Brendon
Finding a doctor and exam room for you.
Please go to Room 801.
You will be seen by Dr. Kellis
There are/is 10 patient(s) ahead of you.


Hello Vera
Finding a doctor and exam room for you.
Please go to Room 101.
You will be seen by Dr. Franks
There are/is 4 patient(s) ahead of you.


Hello Max
Finding a doctor and exam room for you.
Please go to Room 507.
You will be seen by Dr. Smythe
There are/is 11 patient(s) ahead of you.


Hello Annette
Finding a doctor and exam room for you.
Please go to Room 801.
You will be seen by Dr. Kellis
There are/is 11 patient(s) ahead of you.


Hello Leopoldo
Finding a doctor and exam room for you.
Please go to Room 708.
You will be seen by Dr. Gardener
There are/is 2 patient(s) ahead of you.


Hello Venita
Finding a doctor and exam room for you.
Please go to Room 902.
You will be seen by Dr. Jaimeson
There are/is 1 patient(s) ahead of you.


Hello Londa
Finding a doctor and exam room for you.
Please go to Room 201.
You will be seen by Dr. James
There are/is 2 patient(s) ahead of you.


Hello Esteban
Finding a doctor and exam room for you.
Please go to Room 901.
You will be seen by Dr. Rondar
There are/is 4 patient(s) ahead of you.


Hello Huong
Finding a doctor and exam room for you.
Please go to Room 109.
You will be seen by Dr. Froggar
There are/is 8 patient(s) ahead of you.


Hello Kelsie
Finding a doctor and exam room for you.
Please go to Room 503.
You will be seen by Dr. Sardin
There are/is 3 patient(s) ahead of you.


Hello Emiko
Finding a doctor and exam room for you.
Please go to Room 205.
You will be seen by Dr. Ebard
There are/is 4 patient(s) ahead of you.


Hello Lamar
Finding a doctor and exam room for you.
Please go to Room 601.
You will be seen by Dr. Caldorn
There are/is 10 patient(s) ahead of you.


Hello Peter
Finding a doctor and exam room for you.
Please go to Room 302.
You will be seen by Dr. Goldman
There are/is 4 patient(s) ahead of you.


Hello Yolande
Finding a doctor and exam room for you.
Please go to Room 807.
You will be seen by Dr. McDowel
There are/is 2 patient(s) ahead of you.


Hello Shawn
Finding a doctor and exam room for you.
Please go to Room 406.
You will be seen by Dr. McAllen
There are/is 2 patient(s) ahead of you.


Hello Lauryn
Finding a doctor and exam room for you.
Please go to Room 501.
You will be seen by Dr. Fransi
There are/is 4 patient(s) ahead of you.


Hello Courtney
Finding a doctor and exam room for you.
Please go to Room 309.
You will be seen by Dr. Frederickson
There are/is 2 patient(s) ahead of you.


Hello Tova
Finding a doctor and exam room for you.
Please go to Room 704.
You will be seen by Dr. DuLys
There are/is 1 patient(s) ahead of you.


Hello Harlan
Finding a doctor and exam room for you.
Please go to Room 109.
You will be seen by Dr. Froggar
There are/is 9 patient(s) ahead of you.


Hello Renae
Finding a doctor and exam room for you.
Please go to Room 902.
You will be seen by Dr. Jaimeson
There are/is 2 patient(s) ahead of you.


Hello Amos
Finding a doctor and exam room for you.
Please go to Room 203.
You will be seen by Dr. Ringer
There are/is 4 patient(s) ahead of you.


Hello Riley
Finding a doctor and exam room for you.
Please go to Room 201.
You will be seen by Dr. James
There are/is 3 patient(s) ahead of you.


Hello Lida
Finding a doctor and exam room for you.
Please go to Room 603.
You will be seen by Dr. Anderson
There are/is 2 patient(s) ahead of you.


Hello Miss
Finding a doctor and exam room for you.
Please go to Room 507.
You will be seen by Dr. Smythe
There are/is 12 patient(s) ahead of you.


Hello Danilo
Finding a doctor and exam room for you.
Please go to Room 801.
You will be seen by Dr. Kellis
There are/is 12 patient(s) ahead of you.


Hello Meda
Finding a doctor and exam room for you.
Please go to Room 507.
You will be seen by Dr. Smythe
There are/is 13 patient(s) ahead of you.


Hello Venus
Finding a doctor and exam room for you.
Please go to Room 205.
You will be seen by Dr. Ebard
There are/is 5 patient(s) ahead of you.


Hello Florinda
Finding a doctor and exam room for you.
Please go to Room 801.
You will be seen by Dr. Kellis
There are/is 13 patient(s) ahead of you.


Hello Gudrun
Finding a doctor and exam room for you.
Please go to Room 507.
You will be seen by Dr. Smythe
There are/is 14 patient(s) ahead of you.


Hello Codi
Finding a doctor and exam room for you.
Please go to Room 307.
You will be seen by Dr. Jerald
There are/is 4 patient(s) ahead of you.


Hello Mitchell
Finding a doctor and exam room for you.
Please go to Room 403.
You will be seen by Dr. Smith
There are/is 4 patient(s) ahead of you.


Hello Domenic
Finding a doctor and exam room for you.
Please go to Room 901.
You will be seen by Dr. Rondar
There are/is 5 patient(s) ahead of you.


Hello Neomi
Finding a doctor and exam room for you.
Please go to Room 604.
You will be seen by Dr. Rosthen
There are/is 2 patient(s) ahead of you.


Hello Kacie
Finding a doctor and exam room for you.
Please go to Room 101.
You will be seen by Dr. Franks
There are/is 5 patient(s) ahead of you.


Hello Evelina
Finding a doctor and exam room for you.
Please go to Room 801.
You will be seen by Dr. Kellis
There are/is 14 patient(s) ahead of you.


Hello Vasiliki
Finding a doctor and exam room for you.
Please go to Room 901.
You will be seen by Dr. Rondar
There are/is 6 patient(s) ahead of you.


Hello Sima
Finding a doctor and exam room for you.
Please go to Room 507.
You will be seen by Dr. Smythe
There are/is 15 patient(s) ahead of you.


Hello Robbie
Finding a doctor and exam room for you.
Please go to Room 302.
You will be seen by Dr. Goldman
There are/is 5 patient(s) ahead of you.


Hello Kena
Finding a doctor and exam room for you.
Please go to Room 801.
You will be seen by Dr. Kellis
There are/is 15 patient(s) ahead of you.


Hello Hermine
Finding a doctor and exam room for you.
Please go to Room 109.
You will be seen by Dr. Froggar
There are/is 10 patient(s) ahead of you.


Hello Marvella
Finding a doctor and exam room for you.
Please go to Room 401.
You will be seen by Dr. Doran
There are/is 3 patient(s) ahead of you.


Hello Dionne
Finding a doctor and exam room for you.
Please go to Room 507.
You will be seen by Dr. Smythe
There are/is 16 patient(s) ahead of you.


Hello Les
Finding a doctor and exam room for you.
Please go to Room 203.
You will be seen by Dr. Ringer
There are/is 5 patient(s) ahead of you.


Hello Liana
Finding a doctor and exam room for you.
Please go to Room 307.
You will be seen by Dr. Jerald
There are/is 5 patient(s) ahead of you.


Hello Emmy
Finding a doctor and exam room for you.
Please go to Room 501.
You will be seen by Dr. Fransi
There are/is 5 patient(s) ahead of you.


Hello Maureen
Finding a doctor and exam room for you.
Please go to Room 205.
You will be seen by Dr. Ebard
There are/is 6 patient(s) ahead of you.


Hello Lino
Finding a doctor and exam room for you.
Please go to Room 403.
You will be seen by Dr. Smith
There are/is 5 patient(s) ahead of you.


Hello Veola
Finding a doctor and exam room for you.
Please go to Room 109.
You will be seen by Dr. Froggar
There are/is 11 patient(s) ahead of you.


Hello Shona
Finding a doctor and exam room for you.
Please go to Room 302.
You will be seen by Dr. Goldman
There are/is 6 patient(s) ahead of you.


Hello Luann
Finding a doctor and exam room for you.
Please go to Room 101.
You will be seen by Dr. Franks
There are/is 6 patient(s) ahead of you.


Hello Venita
Finding a doctor and exam room for you.
Please go to Room 203.
You will be seen by Dr. Ringer
There are/is 6 patient(s) ahead of you.


Hello Suzann
Finding a doctor and exam room for you.
Please go to Room 701.
You will be seen by Dr. Brouge
There are/is 3 patient(s) ahead of you.


Hello Thelma
Finding a doctor and exam room for you.
Please go to Room 501.
You will be seen by Dr. Fransi
There are/is 6 patient(s) ahead of you.


Hello Danial
Finding a doctor and exam room for you.
Please go to Room 307.
You will be seen by Dr. Jerald
There are/is 6 patient(s) ahead of you.


Hello Kristan
Finding a doctor and exam room for you.
Please go to Room 205.
You will be seen by Dr. Ebard
There are/is 7 patient(s) ahead of you.


Hello Kate
Finding a doctor and exam room for you.
Please go to Room 109.
You will be seen by Dr. Froggar
There are/is 12 patient(s) ahead of you.


Hello Diamond
Finding a doctor and exam room for you.
Please go to Room 105.
You will be seen by Dr. Benuit
There are/is 4 patient(s) ahead of you.


Hello Merissa
Finding a doctor and exam room for you.
Please go to Room 801.
You will be seen by Dr. Kellis
There are/is 16 patient(s) ahead of you.


Hello Marcelo
Finding a doctor and exam room for you.
Please go to Room 403.
You will be seen by Dr. Smith
There are/is 6 patient(s) ahead of you.


Hello Minnie
Finding a doctor and exam room for you.
Please go to Room 302.
You will be seen by Dr. Goldman
There are/is 7 patient(s) ahead of you.


Hello Christena
Finding a doctor and exam room for you.
Please go to Room 106.
You will be seen by Dr. Gray
There are/is 2 patient(s) ahead of you.


Hello Letty
Finding a doctor and exam room for you.
Please go to Room 507.
You will be seen by Dr. Smythe
There are/is 17 patient(s) ahead of you.


Hello Fausto
Finding a doctor and exam room for you.
Please go to Room 1001.
You will be seen by Dr. Drogan
There are/is 2 patient(s) ahead of you.


Hello Nathaniel
Finding a doctor and exam room for you.
Please go to Room 109.
You will be seen by Dr. Froggar
There are/is 13 patient(s) ahead of you.


Hello Dorla
Finding a doctor and exam room for you.
Please go to Room 801.
You will be seen by Dr. Kellis
There are/is 17 patient(s) ahead of you.


Hello Marta
Finding a doctor and exam room for you.
Please go to Room 503.
You will be seen by Dr. Sardin
There are/is 4 patient(s) ahead of you.


Hello Nancie
Finding a doctor and exam room for you.
Please go to Room 701.
You will be seen by Dr. Brouge
There are/is 4 patient(s) ahead of you.


Hello Mayme
Finding a doctor and exam room for you.
Please go to Room 507.
You will be seen by Dr. Smythe
There are/is 18 patient(s) ahead of you.


Hello Ana
Finding a doctor and exam room for you.
Please go to Room 101.
You will be seen by Dr. Franks
There are/is 7 patient(s) ahead of you.


Hello Carson
Finding a doctor and exam room for you.
Please go to Room 601.
You will be seen by Dr. Caldorn
There are/is 11 patient(s) ahead of you.


Hello Rodrigo
Finding a doctor and exam room for you.
Please go to Room 203.
You will be seen by Dr. Ringer
There are/is 7 patient(s) ahead of you.


Hello Dagmar
Finding a doctor and exam room for you.
Please go to Room 601.
You will be seen by Dr. Caldorn
There are/is 12 patient(s) ahead of you.


Hello Danielle
Finding a doctor and exam room for you.
Please go to Room 109.
You will be seen by Dr. Froggar
There are/is 14 patient(s) ahead of you.


Hello Sue
Finding a doctor and exam room for you.
Please go to Room 801.
You will be seen by Dr. Kellis
There are/is 18 patient(s) ahead of you.


Hello Dorothy
Finding a doctor and exam room for you.
Please go to Room 301.
You will be seen by Dr. Delis
There are/is 2 patient(s) ahead of you.


Hello Delta
Finding a doctor and exam room for you.
Please go to Room 406.
You will be seen by Dr. McAllen
There are/is 3 patient(s) ahead of you.


Hello Cecil
Finding a doctor and exam room for you.
Please go to Room 309.
You will be seen by Dr. Frederickson
There are/is 3 patient(s) ahead of you.


Hello Sadye
Finding a doctor and exam room for you.
Please go to Room 902.
You will be seen by Dr. Jaimeson
There are/is 3 patient(s) ahead of you.


Hello Jerri
Finding a doctor and exam room for you.
Please go to Room 201.
You will be seen by Dr. James
There are/is 4 patient(s) ahead of you.


Hello Steven
Finding a doctor and exam room for you.
Please go to Room 501.
You will be seen by Dr. Fransi
There are/is 7 patient(s) ahead of you.


Hello Jung
Finding a doctor and exam room for you.
Please go to Room 507.
You will be seen by Dr. Smythe
There are/is 19 patient(s) ahead of you.


Hello Felisha
Finding a doctor and exam room for you.
Please go to Room 205.
You will be seen by Dr. Ebard
There are/is 8 patient(s) ahead of you.


Hello Shenita
Finding a doctor and exam room for you.
Please go to Room 603.
You will be seen by Dr. Anderson
There are/is 3 patient(s) ahead of you.


Hello Ruthanne
Finding a doctor and exam room for you.
Please go to Room 901.
You will be seen by Dr. Rondar
There are/is 7 patient(s) ahead of you.


Hello Yuk
Finding a doctor and exam room for you.
Please go to Room 307.
You will be seen by Dr. Jerald
There are/is 7 patient(s) ahead of you.


Hello Dawna
Finding a doctor and exam room for you.
Please go to Room 604.
You will be seen by Dr. Rosthen
There are/is 3 patient(s) ahead of you.


Hello Lavette
Finding a doctor and exam room for you.
Please go to Room 401.
You will be seen by Dr. Doran
There are/is 4 patient(s) ahead of you.


Hello Jenee
Finding a doctor and exam room for you.
Please go to Room 801.
You will be seen by Dr. Kellis
There are/is 19 patient(s) ahead of you.


Hello Marjory
Finding a doctor and exam room for you.
Please go to Room 105.
You will be seen by Dr. Benuit
There are/is 5 patient(s) ahead of you.

Welcome to Medi-Scheduler
--------------------------
Type D for Doctor or P for Patient: D
Type I for check-in or O for checkout: O
Thank You, Doctor!
Please enter name to check-out: Benuit
Thank you Dr. Benuit!

Thank you Noreen.

*****RE-ASSIGNMENT*****
------------------------

Hello Cyrstal
Finding a doctor and exam room for you.
Please go to Room 503.
You will be seen by Dr. Sardin
There are/is 5 patient(s) ahead of you.

*****RE-ASSIGNMENT*****
------------------------

Hello Sabine
Finding a doctor and exam room for you.
Please go to Room 701.
You will be seen by Dr. Brouge
There are/is 5 patient(s) ahead of you.

*****RE-ASSIGNMENT*****
------------------------

Hello Debbi
Finding a doctor and exam room for you.
Please go to Room 503.
You will be seen by Dr. Sardin
There are/is 6 patient(s) ahead of you.

*****RE-ASSIGNMENT*****
------------------------

Hello Diamond
Finding a doctor and exam room for you.
Please go to Room 701.
You will be seen by Dr. Brouge
There are/is 6 patient(s) ahead of you.

*****RE-ASSIGNMENT*****
------------------------

Hello Marjory
Finding a doctor and exam room for you.
Please go to Room 503.
You will be seen by Dr. Sardin
There are/is 7 patient(s) ahead of you.

Type Y to continue or N to Quit: N
--------------------------------

